-------------------------------------------------------------------------------
Test set: com.cg.serviceTest.CustomerTest
-------------------------------------------------------------------------------
Tests run: 1, Failures: 0, Errors: 1, Skipped: 0, Time elapsed: 0.074 s <<< FAILURE! - in com.cg.serviceTest.CustomerTest
testCreateCustomer(com.cg.serviceTest.CustomerTest)  Time elapsed: 0 s  <<< ERROR!
java.util.NoSuchElementException: No value present
	at com.cg.serviceTest.CustomerTest.testCreateCustomer(CustomerTest.java:52)

