-------------------------------------------------------------------------------
Test set: com.cg.serviceTest.CustomerTest
-------------------------------------------------------------------------------
Tests run: 3, Failures: 0, Errors: 1, Skipped: 0, Time elapsed: 0.041 sec <<< FAILURE! - in com.cg.serviceTest.CustomerTest
testCreateCustomerIfNull(com.cg.serviceTest.CustomerTest)  Time elapsed: 0.014 sec  <<< ERROR!
java.lang.Exception: Unexpected exception, expected<com.cg.exception.BankException> but was<java.lang.NullPointerException>
	at com.cg.service.CustomerServiceImpl.createCustomer(CustomerServiceImpl.java:45)
	at com.cg.serviceTest.CustomerTest.testCreateCustomerIfNull(CustomerTest.java:79)

