<?xml version="1.0" encoding="UTF-8"?>
<testsuite name="com.cg.serviceTest.CustomerTest" time="0.014" tests="3" errors="1" skipped="0" failures="0">
  <properties>
[...]
</properties>
  <testcase name="testCreateCustomerIfNull" classname="com.cg.serviceTest.CustomerTest" time="0.014">
    <error message="Unexpected exception, expected&lt;com.cg.exception.BankException&gt; but was&lt;java.lang.NullPointerException&gt;" type="java.lang.Exception"><![CDATA[java.lang.Exception: Unexpected exception, expected<com.cg.exception.BankException> but was<java.lang.NullPointerException>
	at com.cg.service.CustomerServiceImpl.createCustomer(CustomerServiceImpl.java:45)
	at com.cg.serviceTest.CustomerTest.testCreateCustomerIfNull(CustomerTest.java:79)
]]></error>
    <system-out><![CDATA[2018-06-14 14:30:02.045  INFO 7200 --- [           main] .b.t.c.SpringBootTestContextBootstrapper : Neither @ContextConfiguration nor @ContextHierarchy found for test class [com.cg.serviceTest.CustomerTest], using SpringBootContextLoader
2018-06-14 14:30:02.046  INFO 7200 --- [           main] o.s.t.c.support.AbstractContextLoader    : Could not detect default resource locations for test class [com.cg.serviceTest.CustomerTest]: no resource found for suffixes {-context.xml, Context.groovy}.
2018-06-14 14:30:02.046  INFO 7200 --- [           main] t.c.s.AnnotationConfigContextLoaderUtils : Could not detect default configuration classes for test class [com.cg.serviceTest.CustomerTest]: CustomerTest does not declare any static, non-private, non-final, nested classes annotated with @Configuration.
2018-06-14 14:30:02.054  INFO 7200 --- [           main] .b.t.c.SpringBootTestContextBootstrapper : Found @SpringBootConfiguration com.cg.BankSpringBootApp for test class com.cg.serviceTest.CustomerTest
2018-06-14 14:30:02.059  INFO 7200 --- [           main] .b.t.c.SpringBootTestContextBootstrapper : Loaded default TestExecutionListener class names from location [META-INF/spring.factories]: [org.springframework.boot.test.mock.mockito.MockitoTestExecutionListener, org.springframework.boot.test.mock.mockito.ResetMocksTestExecutionListener, org.springframework.boot.test.autoconfigure.restdocs.RestDocsTestExecutionListener, org.springframework.boot.test.autoconfigure.web.client.MockRestServiceServerResetTestExecutionListener, org.springframework.boot.test.autoconfigure.web.servlet.MockMvcPrintOnlyOnFailureTestExecutionListener, org.springframework.boot.test.autoconfigure.web.servlet.WebDriverTestExecutionListener, org.springframework.test.context.web.ServletTestExecutionListener, org.springframework.test.context.support.DirtiesContextBeforeModesTestExecutionListener, org.springframework.test.context.support.DependencyInjectionTestExecutionListener, org.springframework.test.context.support.DirtiesContextTestExecutionListener, org.springframework.test.context.transaction.TransactionalTestExecutionListener, org.springframework.test.context.jdbc.SqlScriptsTestExecutionListener]
2018-06-14 14:30:02.064  INFO 7200 --- [           main] .b.t.c.SpringBootTestContextBootstrapper : Using TestExecutionListeners: [org.springframework.test.context.web.ServletTestExecutionListener@7744195, org.springframework.test.context.support.DirtiesContextBeforeModesTestExecutionListener@77f529a6, org.springframework.boot.test.mock.mockito.MockitoTestExecutionListener@7d47b021, org.springframework.boot.test.autoconfigure.SpringBootDependencyInjectionTestExecutionListener@6516181f, org.springframework.test.context.support.DirtiesContextTestExecutionListener@40cb95c1, org.springframework.test.context.transaction.TransactionalTestExecutionListener@1ead3c67, org.springframework.test.context.jdbc.SqlScriptsTestExecutionListener@5e2b512b, org.springframework.boot.test.mock.mockito.ResetMocksTestExecutionListener@ba87c11, org.springframework.boot.test.autoconfigure.restdocs.RestDocsTestExecutionListener@17d19538, org.springframework.boot.test.autoconfigure.web.client.MockRestServiceServerResetTestExecutionListener@6068cda1, org.springframework.boot.test.autoconfigure.web.servlet.MockMvcPrintOnlyOnFailureTestExecutionListener@644e6a8e, org.springframework.boot.test.autoconfigure.web.servlet.WebDriverTestExecutionListener@2ccecae2]
]]></system-out>
  </testcase>
  <testcase name="testCreateCustomer" classname="com.cg.serviceTest.CustomerTest" time="0"/>
  <testcase name="testGetCustomer" classname="com.cg.serviceTest.CustomerTest" time="0"/>
</testsuite>